[2024-03-16 21:44:13,932: INFO: Hello World]
[2024-03-20 22:58:29,621: INFO: yaml file: config\config.yaml is read successfully]
[2024-03-20 22:58:29,625: INFO: yaml file: params.yaml is read successfully]
[2024-03-20 23:03:16,511: INFO: yaml file: config\config.yaml is read successfully]
[2024-03-20 23:03:16,513: INFO: yaml file: params.yaml is read successfully]
[2024-03-20 23:03:27,152: INFO: yaml file: config\config.yaml is read successfully]
[2024-03-20 23:03:27,154: INFO: yaml file: params.yaml is read successfully]
[2024-03-20 23:16:18,384: INFO: yaml file: config\config.yaml is read successfully]
[2024-03-20 23:16:18,393: INFO: yaml file: params.yaml is read successfully]
[2024-03-20 23:16:18,395: INFO: Creating directory: artifacts]
[2024-03-20 23:16:18,396: INFO: Creating directory: artifacts/data_ingestion]
[2024-03-20 23:16:19,153: INFO: artifacts/data_ingestion/data.zip download! with following info: 
Server: GitHub.com
Date: Wed, 20 Mar 2024 20:16:17 GMT
Content-Type: text/html; charset=utf-8
Vary: X-PJAX, X-PJAX-Container, Turbo-Visit, Turbo-Frame, Accept-Encoding, Accept, X-Requested-With
ETag: W/"33e6688c164994c94bf680555d5f08fb"
Cache-Control: max-age=0, private, must-revalidate
Strict-Transport-Security: max-age=31536000; includeSubdomains; preload
X-Frame-Options: deny
X-Content-Type-Options: nosniff
X-XSS-Protection: 0
Referrer-Policy: no-referrer-when-downgrade
Content-Security-Policy: default-src 'none'; base-uri 'self'; child-src github.com/assets-cdn/worker/ gist.github.com/assets-cdn/worker/; connect-src 'self' uploads.github.com www.githubstatus.com collector.github.com raw.githubusercontent.com api.github.com github-cloud.s3.amazonaws.com github-production-repository-file-5c1aeb.s3.amazonaws.com github-production-upload-manifest-file-7fdce7.s3.amazonaws.com github-production-user-asset-6210df.s3.amazonaws.com api.githubcopilot.com objects-origin.githubusercontent.com *.actions.githubusercontent.com wss://*.actions.githubusercontent.com productionresultssa0.blob.core.windows.net/ productionresultssa1.blob.core.windows.net/ productionresultssa2.blob.core.windows.net/ productionresultssa3.blob.core.windows.net/ productionresultssa4.blob.core.windows.net/ productionresultssa5.blob.core.windows.net/ productionresultssa6.blob.core.windows.net/ productionresultssa7.blob.core.windows.net/ productionresultssa8.blob.core.windows.net/ productionresultssa9.blob.core.windows.net/ productionresultssa10.blob.core.windows.net/ productionresultssa11.blob.core.windows.net/ productionresultssa12.blob.core.windows.net/ productionresultssa13.blob.core.windows.net/ productionresultssa14.blob.core.windows.net/ productionresultssa15.blob.core.windows.net/ productionresultssa16.blob.core.windows.net/ productionresultssa17.blob.core.windows.net/ productionresultssa18.blob.core.windows.net/ productionresultssa19.blob.core.windows.net/ github-production-repository-image-32fea6.s3.amazonaws.com github-production-release-asset-2e65be.s3.amazonaws.com insights.github.com wss://alive.github.com; font-src github.githubassets.com; form-action 'self' github.com gist.github.com objects-origin.githubusercontent.com; frame-ancestors 'none'; frame-src viewscreen.githubusercontent.com notebooks.githubusercontent.com; img-src 'self' data: github.githubassets.com media.githubusercontent.com camo.githubusercontent.com identicons.github.com avatars.githubusercontent.com github-cloud.s3.amazonaws.com objects.githubusercontent.com secured-user-images.githubusercontent.com/ user-images.githubusercontent.com/ private-user-images.githubusercontent.com opengraph.githubassets.com github-production-user-asset-6210df.s3.amazonaws.com customer-stories-feed.github.com spotlights-feed.github.com objects-origin.githubusercontent.com *.githubusercontent.com; manifest-src 'self'; media-src github.com user-images.githubusercontent.com/ secured-user-images.githubusercontent.com/ private-user-images.githubusercontent.com github-production-user-asset-6210df.s3.amazonaws.com gist.github.com; script-src github.githubassets.com; style-src 'unsafe-inline' github.githubassets.com; upgrade-insecure-requests; worker-src github.com/assets-cdn/worker/ gist.github.com/assets-cdn/worker/
Set-Cookie: _gh_sess=W5%2BXIfjdeCUBPf36S1%2FTpgeSmNQu0i7sZ4kUPRWl0Xb9kUFJIBDw63hMoIGDLODreYG6aMpBVqdaUhlYNN8XD13f3E8fJNN12aZX8K9o0PWESg6pI9KpIEqtSIpHiz%2BdsyvpPpN3T5FZFPcSdRAVIzriGxxi0qpIOQgH6wuynT2c6pNMGWL0wrrPhniXL1pEK0E1CPZxS9R29HnzM3GmTjAEcvvtiFs9XIbXOMC7tXrmDSkdosARY136a7bpZZxjBwxJp3QDb%2FUJDN9mJqhqfA%3D%3D--BUHalLRWGCWh1x5P--%2FYkv6CFctt6yuajyblBpJw%3D%3D; Path=/; HttpOnly; Secure; SameSite=Lax
Set-Cookie: _octo=GH1.1.1704524190.1710965777; Path=/; Domain=github.com; Expires=Thu, 20 Mar 2025 20:16:17 GMT; Secure; SameSite=Lax
Set-Cookie: logged_in=no; Path=/; Domain=github.com; Expires=Thu, 20 Mar 2025 20:16:17 GMT; HttpOnly; Secure; SameSite=Lax
Accept-Ranges: bytes
Transfer-Encoding: chunked
X-GitHub-Request-Id: FA00:FC120:B4861A:B6C152:65FB4411
connection: close

]
[2024-03-21 21:39:31,317: INFO: yaml file: config\config.yaml is read successfully]
[2024-03-21 21:39:31,323: INFO: yaml file: params.yaml is read successfully]
[2024-03-21 23:13:31,693: INFO: yaml file: config\config.yaml is read successfully]
[2024-03-21 23:13:31,695: INFO: yaml file: params.yaml is read successfully]
